<?xml version="1.0" encoding="UTF-8" ?>
<testsuite tests="198" failures="0" name="testRunners.TestRunner" time="0.813" errors="0" skipped="171">
  <properties>
[...]
</properties>
  <testcase classname="| Name |  | title case |" name="Given search result returned 1 member information" time="0.114">
    <skipped/>
  </testcase>
  <testcase classname="| Name |  | title case |" name="When user click on Find member button" time="0.114">
    <skipped/>
  </testcase>
  <testcase classname="| Name |  | title case |" name="Then user should see following search result page fields" time="0.114">
    <skipped/>
  </testcase>
  <testcase classname="| Name |  | title case |" name="| Name |  | title case |" time="0.114">
    <skipped/>
  </testcase>
  <testcase classname="| Name |  | title case |" name="| Name |  | title case |" time="0.114"/>
  <testcase classname="| Date of birth |  | text |" name="Given search result returned 1 member information" time="0">
    <skipped/>
  </testcase>
  <testcase classname="| Date of birth |  | text |" name="When user click on Find member button" time="0.001">
    <skipped/>
  </testcase>
  <testcase classname="| Date of birth |  | text |" name="Then user should see following search result page fields" time="0.001">
    <skipped/>
  </testcase>
  <testcase classname="| Date of birth |  | text |" name="| Date of birth |  | text |" time="0.001">
    <skipped/>
  </testcase>
  <testcase classname="| Date of birth |  | text |" name="| Date of birth |  | text |" time="0.001"/>
  <testcase classname="| Member card number |  | text |" name="Given search result returned 1 member information" time="0.001">
    <skipped/>
  </testcase>
  <testcase classname="| Member card number |  | text |" name="When user click on Find member button" time="0.001">
    <skipped/>
  </testcase>
  <testcase classname="| Member card number |  | text |" name="Then user should see following search result page fields" time="0.002">
    <skipped/>
  </testcase>
  <testcase classname="| Member card number |  | text |" name="| Member card number |  | text |" time="0.002">
    <skipped/>
  </testcase>
  <testcase classname="| Member card number |  | text |" name="| Member card number |  | text |" time="0.002"/>
  <testcase classname="| Policy number |  | text |" name="Given search result returned 1 member information" time="0">
    <skipped/>
  </testcase>
  <testcase classname="| Policy number |  | text |" name="When user click on Find member button" time="0.001">
    <skipped/>
  </testcase>
  <testcase classname="| Policy number |  | text |" name="Then user should see following search result page fields" time="0.001">
    <skipped/>
  </testcase>
  <testcase classname="| Policy number |  | text |" name="| Policy number |  | text |" time="0.001">
    <skipped/>
  </testcase>
  <testcase classname="| Policy number |  | text |" name="| Policy number |  | text |" time="0.001"/>
  <testcase classname="| Address |  | dropdown |" name="Given search result returned 1 member information" time="0.001">
    <skipped/>
  </testcase>
  <testcase classname="| Address |  | dropdown |" name="When user click on Find member button" time="0.001">
    <skipped/>
  </testcase>
  <testcase classname="| Address |  | dropdown |" name="Then user should see following search result page fields" time="0.002">
    <skipped/>
  </testcase>
  <testcase classname="| Address |  | dropdown |" name="| Address |  | dropdown |" time="0.002">
    <skipped/>
  </testcase>
  <testcase classname="| Address |  | dropdown |" name="| Address |  | dropdown |" time="0.002"/>
  <testcase classname="Given search result returned 1 member information(| Member(s) on this policy |  | list |)" name="Given search result returned 1 member information(| Member" time="0.001">
    <skipped/>
  </testcase>
  <testcase classname="When user click on Find member button(| Member(s) on this policy |  | list |)" name="When user click on Find member button(| Member" time="0.001">
    <skipped/>
  </testcase>
  <testcase classname="Then user should see following search result page fields(| Member(s) on this policy |  | list |)" name="Then user should see following search result page fields(| Member" time="0.001">
    <skipped/>
  </testcase>
  <testcase classname="| Member(s) on this policy |  | list |" name="| Member" time="0.001">
    <skipped/>
  </testcase>
  <testcase classname="| Member(s) on this policy |  | list |" name="| Member" time="0.001"/>
  <testcase classname="Scenario: Search return server exception" name="Given user is on search page" time="0">
    <skipped/>
  </testcase>
  <testcase classname="Scenario: Search return server exception" name="And selected a search option from &apos;Find a member&apos; dropdown" time="0.001">
    <skipped/>
  </testcase>
  <testcase classname="Scenario: Search return server exception" name="When user enter value in input field" time="0.001">
    <skipped/>
  </testcase>
  <testcase classname="Scenario: Search return server exception" name="And click on &apos;Find member&apos; button" time="0.001">
    <skipped/>
  </testcase>
  <testcase classname="Scenario: Search return server exception" name="Then server returns &apos;5xx&apos; server Exception" time="0.001">
    <skipped/>
  </testcase>
  <testcase classname="Scenario: Search return server exception" name="And user should stay on exception page" time="0.001">
    <skipped/>
  </testcase>
  <testcase classname="Scenario: Search return server exception" name="Scenario: Search return server exception" time="0.002">
    <skipped/>
  </testcase>
  <testcase classname="Scenario: Search return server exception" name="Scenario: Search return server exception" time="0.002"/>
  <testcase classname="Scenario: search for an existing member with valid Member card number" name="Given user is on search page" time="0">
    <skipped/>
  </testcase>
  <testcase classname="Scenario: search for an existing member with valid Member card number" name="And selected &apos;Member card number&apos; option from &apos;Find a member&apos; dropdown" time="0.001">
    <skipped/>
  </testcase>
  <testcase classname="Scenario: search for an existing member with valid Member card number" name="When user enter valid member card Number" time="0.001">
    <skipped/>
  </testcase>
  <testcase classname="Scenario: search for an existing member with valid Member card number" name="And click on &apos;Find member&apos; button" time="0.001">
    <skipped/>
  </testcase>
  <testcase classname="Scenario: search for an existing member with valid Member card number" name="Then user should see 1 matching search result information" time="0.001">
    <skipped/>
  </testcase>
  <testcase classname="Scenario: search for an existing member with valid Member card number" name="Scenario: search for an existing member with valid Member card number" time="0.001">
    <skipped/>
  </testcase>
  <testcase classname="Scenario: search for an existing member with valid Member card number" name="Scenario: search for an existing member with valid Member card number" time="0.001"/>
  <testcase classname="Scenario: show list of members on policy" name="Given user is on search page" time="0.001">
    <skipped/>
  </testcase>
  <testcase classname="Scenario: show list of members on policy" name="And selected &apos;Member card number&apos; option from &apos;Find a member&apos; dropdown" time="0.001">
    <skipped/>
  </testcase>
  <testcase classname="Scenario: show list of members on policy" name="When user enter valid Member card number" time="0.001">
    <skipped/>
  </testcase>
  <testcase classname="Scenario: show list of members on policy" name="And click on &apos;Find member&apos; button" time="0.001">
    <skipped/>
  </testcase>
  <testcase classname="Scenario: show list of members on policy" name="Then user should see list of all members on policy" time="0.002">
    <skipped/>
  </testcase>
  <testcase classname="Scenario: show list of members on policy" name="Scenario: show list of members on policy" time="0.002">
    <skipped/>
  </testcase>
  <testcase classname="Scenario: show list of members on policy" name="Scenario: show list of members on policy" time="0.002"/>
  <testcase classname="Scenario: search for an existing member with valid Member card number" name="Given user is on search page" time="0">
    <skipped/>
  </testcase>
  <testcase classname="Scenario: search for an existing member with valid Member card number" name="And selected &apos;Member card number&apos; option from &apos;Find a member&apos; dropdown" time="0">
    <skipped/>
  </testcase>
  <testcase classname="Scenario: search for an existing member with valid Member card number" name="When user enter invalid Member card Number" time="0.001">
    <skipped/>
  </testcase>
  <testcase classname="Scenario: search for an existing member with valid Member card number" name="And click on &apos;Find member&apos; button" time="0.001">
    <skipped/>
  </testcase>
  <testcase classname="Scenario: search for an existing member with valid Member card number" name="Then user should see message &quot;The Search criteria does not match any of our member records&quot;" time="0.001">
    <skipped/>
  </testcase>
  <testcase classname="Scenario: search for an existing member with valid Member card number" name="And user should stay on search page" time="0.001">
    <skipped/>
  </testcase>
  <testcase classname="Scenario: search for an existing member with valid Member card number" name="Scenario: search for an existing member with valid Member card number" time="0.001">
    <skipped/>
  </testcase>
  <testcase classname="Scenario: search for an existing member with valid Member card number" name="Scenario: search for an existing member with valid Member card number" time="0.001"/>
  <testcase classname="Scenario: search for an existing member with empty Member card number field" name="Given user is on search page" time="0.001">
    <skipped/>
  </testcase>
  <testcase classname="Scenario: search for an existing member with empty Member card number field" name="And selected &apos;Member card number&apos; option from &apos;Find a member&apos; dropdown" time="0.001">
    <skipped/>
  </testcase>
  <testcase classname="Scenario: search for an existing member with empty Member card number field" name="When user enter no value in Member card Number" time="0.001">
    <skipped/>
  </testcase>
  <testcase classname="Scenario: search for an existing member with empty Member card number field" name="And click on &apos;Find member&apos; button" time="0.001">
    <skipped/>
  </testcase>
  <testcase classname="Scenario: search for an existing member with empty Member card number field" name="Then user should see message &quot;The Search criteria does not match any of our member records&quot;" time="0.002">
    <skipped/>
  </testcase>
  <testcase classname="Scenario: search for an existing member with empty Member card number field" name="And user should stay on search page" time="0.002">
    <skipped/>
  </testcase>
  <testcase classname="Scenario: search for an existing member with empty Member card number field" name="Scenario: search for an existing member with empty Member card number field" time="0.002">
    <skipped/>
  </testcase>
  <testcase classname="Scenario: search for an existing member with empty Member card number field" name="Scenario: search for an existing member with empty Member card number field" time="0.002"/>
  <testcase classname="Scenario: Alternate search option" name="Given user is on search page" time="0">
    <skipped/>
  </testcase>
  <testcase classname="Scenario: Alternate search option" name="And selected &apos;Member card number&apos; option from &apos;Find a member&apos; dropdown" time="0">
    <skipped/>
  </testcase>
  <testcase classname="Scenario: Alternate search option" name="When user enter non-existing Member card Number" time="0.001">
    <skipped/>
  </testcase>
  <testcase classname="Scenario: Alternate search option" name="And click on &apos;Find member&apos; button" time="0.001">
    <skipped/>
  </testcase>
  <testcase classname="Scenario: Alternate search option" name="Then user should see message &quot;The Search criteria does not match any of our member records&quot;" time="0.001">
    <skipped/>
  </testcase>
  <testcase classname="Scenario: Alternate search option" name="And user should stay on search page" time="0.001">
    <skipped/>
  </testcase>
  <testcase classname="Scenario: Alternate search option" name="And user click on &apos;Find a member&apos; dropdown" time="0.001">
    <skipped/>
  </testcase>
  <testcase classname="Scenario: Alternate search option" name="Then user should be able to chose alternate search option from &apos;Find a member&apos; dropdown" time="0.001">
    <skipped/>
  </testcase>
  <testcase classname="Scenario: Alternate search option" name="Scenario: Alternate search option" time="0.002">
    <skipped/>
  </testcase>
  <testcase classname="Scenario: Alternate search option" name="Scenario: Alternate search option" time="0.002"/>
  <testcase classname="Scenario: search for an existing member with valid mobile phone number" name="Given user is on search page" time="0">
    <skipped/>
  </testcase>
  <testcase classname="Scenario: search for an existing member with valid mobile phone number" name="And selected &apos;Mobile phone number&apos; option from &apos;Find a member&apos; dropdown" time="0">
    <skipped/>
  </testcase>
  <testcase classname="Scenario: search for an existing member with valid mobile phone number" name="When user enter valid mobile phone Number" time="0">
    <skipped/>
  </testcase>
  <testcase classname="Scenario: search for an existing member with valid mobile phone number" name="And click on &apos;Find member&apos; button" time="0.001">
    <skipped/>
  </testcase>
  <testcase classname="Scenario: search for an existing member with valid mobile phone number" name="Then user should see 1 matching search result information" time="0.001">
    <skipped/>
  </testcase>
  <testcase classname="Scenario: search for an existing member with valid mobile phone number" name="Scenario: search for an existing member with valid mobile phone number" time="0.001">
    <skipped/>
  </testcase>
  <testcase classname="Scenario: search for an existing member with valid mobile phone number" name="Scenario: search for an existing member with valid mobile phone number" time="0.001"/>
  <testcase classname="Scenario: show list of members on policy" name="Given user is on search page" time="0.001">
    <skipped/>
  </testcase>
  <testcase classname="Scenario: show list of members on policy" name="And selected &apos;Mobile phone number&apos; option from &apos;Find a member&apos; dropdown" time="0.001">
    <skipped/>
  </testcase>
  <testcase classname="Scenario: show list of members on policy" name="When user enter valid mobile phone Number" time="0.001">
    <skipped/>
  </testcase>
  <testcase classname="Scenario: show list of members on policy" name="And click on &apos;Find member&apos; button" time="0.001">
    <skipped/>
  </testcase>
  <testcase classname="Scenario: show list of members on policy" name="Then user should see list of all members on policy" time="0.001">
    <skipped/>
  </testcase>
  <testcase classname="Scenario: show list of members on policy" name="Scenario: show list of members on policy" time="0.001">
    <skipped/>
  </testcase>
  <testcase classname="Scenario: show list of members on policy" name="Scenario: show list of members on policy" time="0.001"/>
  <testcase classname="Scenario: search for an existing member with valid mobile phone number" name="Given user is on search page" time="0.001">
    <skipped/>
  </testcase>
  <testcase classname="Scenario: search for an existing member with valid mobile phone number" name="And selected &apos;Mobile phone number&apos; option from &apos;Find a member&apos; dropdown" time="0.001">
    <skipped/>
  </testcase>
  <testcase classname="Scenario: search for an existing member with valid mobile phone number" name="When user enter invalid mobile phone Number" time="0.001">
    <skipped/>
  </testcase>
  <testcase classname="Scenario: search for an existing member with valid mobile phone number" name="And click on &apos;Find member&apos; button" time="0.001">
    <skipped/>
  </testcase>
  <testcase classname="Scenario: search for an existing member with valid mobile phone number" name="Then user should see message &quot;The Search criteria does not match any of our member records&quot;" time="0.001">
    <skipped/>
  </testcase>
  <testcase classname="Scenario: search for an existing member with valid mobile phone number" name="And user should stay on search page" time="0.002">
    <skipped/>
  </testcase>
  <testcase classname="Scenario: search for an existing member with valid mobile phone number" name="Scenario: search for an existing member with valid mobile phone number" time="0.002">
    <skipped/>
  </testcase>
  <testcase classname="Scenario: search for an existing member with valid mobile phone number" name="Scenario: search for an existing member with valid mobile phone number" time="0.002"/>
  <testcase classname="Scenario: search for an existing member with empty mobile phone number field" name="Given user is on search page" time="0.001">
    <skipped/>
  </testcase>
  <testcase classname="Scenario: search for an existing member with empty mobile phone number field" name="And selected &apos;Mobile phone number&apos; option from &apos;Find a member&apos; dropdown" time="0.001">
    <skipped/>
  </testcase>
  <testcase classname="Scenario: search for an existing member with empty mobile phone number field" name="When user enter no value in mobile phone Number" time="0.001">
    <skipped/>
  </testcase>
  <testcase classname="Scenario: search for an existing member with empty mobile phone number field" name="And click on &apos;Find member&apos; button" time="0.001">
    <skipped/>
  </testcase>
  <testcase classname="Scenario: search for an existing member with empty mobile phone number field" name="Then user should see message &quot;The Search criteria does not match any of our member records&quot;" time="0.002">
    <skipped/>
  </testcase>
  <testcase classname="Scenario: search for an existing member with empty mobile phone number field" name="And user should stay on search page" time="0.002">
    <skipped/>
  </testcase>
  <testcase classname="Scenario: search for an existing member with empty mobile phone number field" name="Scenario: search for an existing member with empty mobile phone number field" time="0.002">
    <skipped/>
  </testcase>
  <testcase classname="Scenario: search for an existing member with empty mobile phone number field" name="Scenario: search for an existing member with empty mobile phone number field" time="0.002"/>
  <testcase classname="Scenario: Alternate search option" name="Given user is on search page" time="0.001">
    <skipped/>
  </testcase>
  <testcase classname="Scenario: Alternate search option" name="And selected &apos;Mobile phone number&apos; option from &apos;Find a member&apos; dropdown" time="0.001">
    <skipped/>
  </testcase>
  <testcase classname="Scenario: Alternate search option" name="When user enter non-existing mobile phone Number" time="0.001">
    <skipped/>
  </testcase>
  <testcase classname="Scenario: Alternate search option" name="And click on &apos;Find member&apos; button" time="0.001">
    <skipped/>
  </testcase>
  <testcase classname="Scenario: Alternate search option" name="Then user should see message &quot;The Search criteria does not match any of our member records&quot;" time="0.001">
    <skipped/>
  </testcase>
  <testcase classname="Scenario: Alternate search option" name="And user should stay on search page" time="0.001">
    <skipped/>
  </testcase>
  <testcase classname="Scenario: Alternate search option" name="And user click on &apos;Find a member&apos; dropdown" time="0.001">
    <skipped/>
  </testcase>
  <testcase classname="Scenario: Alternate search option" name="Then user should be able to chose alternate search option from &apos;Find a member&apos; dropdown" time="0.002">
    <skipped/>
  </testcase>
  <testcase classname="Scenario: Alternate search option" name="Scenario: Alternate search option" time="0.002">
    <skipped/>
  </testcase>
  <testcase classname="Scenario: Alternate search option" name="Scenario: Alternate search option" time="0.002"/>
  <testcase classname="Scenario: search for an existing member with Name and Date of birth" name="Given user is on search page" time="0">
    <skipped/>
  </testcase>
  <testcase classname="Scenario: search for an existing member with Name and Date of birth" name="And selected &apos;Name and Date of birth&apos; option from &apos;Find a member&apos; dropdown" time="0.001">
    <skipped/>
  </testcase>
  <testcase classname="Scenario: search for an existing member with Name and Date of birth" name="When user enter valid Name and Date of birth" time="0.001">
    <skipped/>
  </testcase>
  <testcase classname="Scenario: search for an existing member with Name and Date of birth" name="And click on &apos;Find member&apos; button" time="0.001">
    <skipped/>
  </testcase>
  <testcase classname="Scenario: search for an existing member with Name and Date of birth" name="Then user should see 1 matching search result information" time="0.001">
    <skipped/>
  </testcase>
  <testcase classname="Scenario: search for an existing member with Name and Date of birth" name="Scenario: search for an existing member with Name and Date of birth" time="0.001">
    <skipped/>
  </testcase>
  <testcase classname="Scenario: search for an existing member with Name and Date of birth" name="Scenario: search for an existing member with Name and Date of birth" time="0.001"/>
  <testcase classname="Scenario: show list of members on policy search result" name="Given user is on search page" time="0.001">
    <skipped/>
  </testcase>
  <testcase classname="Scenario: show list of members on policy search result" name="And selected &apos;Name and Date of birth&apos; option from &apos;Find a member&apos; dropdown" time="0.001">
    <skipped/>
  </testcase>
  <testcase classname="Scenario: show list of members on policy search result" name="When user enter valid Name and Date of birth" time="0.001">
    <skipped/>
  </testcase>
  <testcase classname="Scenario: show list of members on policy search result" name="And click on &apos;Find member&apos; button" time="0.001">
    <skipped/>
  </testcase>
  <testcase classname="Scenario: show list of members on policy search result" name="Then user should see list of all members on policy search result" time="0.001">
    <skipped/>
  </testcase>
  <testcase classname="Scenario: show list of members on policy search result" name="Scenario: show list of members on policy search result" time="0.001">
    <skipped/>
  </testcase>
  <testcase classname="Scenario: show list of members on policy search result" name="Scenario: show list of members on policy search result" time="0.001"/>
  <testcase classname="Scenario: search for an existing member with invalid Name and Date of birth" name="Given user is on search page" time="0.001">
    <skipped/>
  </testcase>
  <testcase classname="Scenario: search for an existing member with invalid Name and Date of birth" name="And selected &apos;Name and Date of birth&apos; option from &apos;Find a member&apos; dropdown" time="0.001">
    <skipped/>
  </testcase>
  <testcase classname="Scenario: search for an existing member with invalid Name and Date of birth" name="When user enter invalid Name and Date of birth" time="0.001">
    <skipped/>
  </testcase>
  <testcase classname="Scenario: search for an existing member with invalid Name and Date of birth" name="And click on &apos;Find member&apos; button" time="0.002">
    <skipped/>
  </testcase>
  <testcase classname="Scenario: search for an existing member with invalid Name and Date of birth" name="Then user should see message &quot;The Search criteria does not match any of our member records&quot;" time="0.003">
    <skipped/>
  </testcase>
  <testcase classname="Scenario: search for an existing member with invalid Name and Date of birth" name="And user should stay on search page" time="0.003">
    <skipped/>
  </testcase>
  <testcase classname="Scenario: search for an existing member with invalid Name and Date of birth" name="Scenario: search for an existing member with invalid Name and Date of birth" time="0.003">
    <skipped/>
  </testcase>
  <testcase classname="Scenario: search for an existing member with invalid Name and Date of birth" name="Scenario: search for an existing member with invalid Name and Date of birth" time="0.003"/>
  <testcase classname="Scenario: search for an existing member with empty Name and Date of birth field" name="Given user is on search page" time="0">
    <skipped/>
  </testcase>
  <testcase classname="Scenario: search for an existing member with empty Name and Date of birth field" name="And selected &apos;Name and Date of birth&apos; option from &apos;Find a member&apos; dropdown" time="0">
    <skipped/>
  </testcase>
  <testcase classname="Scenario: search for an existing member with empty Name and Date of birth field" name="When user enter no value in Name and Date of birth" time="0">
    <skipped/>
  </testcase>
  <testcase classname="Scenario: search for an existing member with empty Name and Date of birth field" name="And click on &apos;Find member&apos; button" time="0">
    <skipped/>
  </testcase>
  <testcase classname="Scenario: search for an existing member with empty Name and Date of birth field" name="Then user should see message &quot;The Search criteria does not match any of our member records&quot;" time="0">
    <skipped/>
  </testcase>
  <testcase classname="Scenario: search for an existing member with empty Name and Date of birth field" name="And user should stay on search page" time="0.001">
    <skipped/>
  </testcase>
  <testcase classname="Scenario: search for an existing member with empty Name and Date of birth field" name="Scenario: search for an existing member with empty Name and Date of birth field" time="0.001">
    <skipped/>
  </testcase>
  <testcase classname="Scenario: search for an existing member with empty Name and Date of birth field" name="Scenario: search for an existing member with empty Name and Date of birth field" time="0.001"/>
  <testcase classname="Scenario: Alternate search option" name="Given user is on search page" time="0.002">
    <skipped/>
  </testcase>
  <testcase classname="Scenario: Alternate search option" name="And selected &apos;Name and Date of birth&apos; option from &apos;Find a member&apos; dropdown" time="0.002">
    <skipped/>
  </testcase>
  <testcase classname="Scenario: Alternate search option" name="When user enter non-existing Name and Date of birth" time="0.002">
    <skipped/>
  </testcase>
  <testcase classname="Scenario: Alternate search option" name="And click on &apos;Find member&apos; button" time="0.002">
    <skipped/>
  </testcase>
  <testcase classname="Scenario: Alternate search option" name="Then user should see message &quot;The Search criteria does not match any of our member records&quot;" time="0.002">
    <skipped/>
  </testcase>
  <testcase classname="Scenario: Alternate search option" name="And user should stay on search page" time="0.002">
    <skipped/>
  </testcase>
  <testcase classname="Scenario: Alternate search option" name="And user click on &apos;Find a member&apos; dropdown" time="0.002">
    <skipped/>
  </testcase>
  <testcase classname="Scenario: Alternate search option" name="Then user should be able to chose alternate search option from &apos;Find a member&apos; dropdown" time="0.002">
    <skipped/>
  </testcase>
  <testcase classname="Scenario: Alternate search option" name="Scenario: Alternate search option" time="0.002">
    <skipped/>
  </testcase>
  <testcase classname="Scenario: Alternate search option" name="Scenario: Alternate search option" time="0.002"/>
  <testcase classname="Scenario: search for an existing member with valid Policy number" name="Given user is on search page" time="0.002">
    <skipped/>
  </testcase>
  <testcase classname="Scenario: search for an existing member with valid Policy number" name="And selected &apos;Policy number&apos; option from &apos;Find a member&apos; dropdown" time="0.002">
    <skipped/>
  </testcase>
  <testcase classname="Scenario: search for an existing member with valid Policy number" name="When user enter valid Policy Number" time="0.003">
    <skipped/>
  </testcase>
  <testcase classname="Scenario: search for an existing member with valid Policy number" name="And click on &apos;Find member&apos; button" time="0.003">
    <skipped/>
  </testcase>
  <testcase classname="Scenario: search for an existing member with valid Policy number" name="Then user should see 1 matching search result information" time="0.003">
    <skipped/>
  </testcase>
  <testcase classname="Scenario: search for an existing member with valid Policy number" name="Scenario: search for an existing member with valid Policy number" time="0.003">
    <skipped/>
  </testcase>
  <testcase classname="Scenario: search for an existing member with valid Policy number" name="Scenario: search for an existing member with valid Policy number" time="0.003"/>
  <testcase classname="Scenario: show list of members on policy" name="Given user is on search page" time="0">
    <skipped/>
  </testcase>
  <testcase classname="Scenario: show list of members on policy" name="And selected &apos;Policy number&apos; option from &apos;Find a member&apos; dropdown" time="0">
    <skipped/>
  </testcase>
  <testcase classname="Scenario: show list of members on policy" name="When user enter valid Policy number" time="0">
    <skipped/>
  </testcase>
  <testcase classname="Scenario: show list of members on policy" name="And click on &apos;Find member&apos; button" time="0.003">
    <skipped/>
  </testcase>
  <testcase classname="Scenario: show list of members on policy" name="Then user should see list of all members on policy" time="0.003">
    <skipped/>
  </testcase>
  <testcase classname="Scenario: show list of members on policy" name="Scenario: show list of members on policy" time="0.003">
    <skipped/>
  </testcase>
  <testcase classname="Scenario: show list of members on policy" name="Scenario: show list of members on policy" time="0.003"/>
  <testcase classname="Scenario: search for an existing member with valid Policy number" name="Given user is on search page" time="0.001">
    <skipped/>
  </testcase>
  <testcase classname="Scenario: search for an existing member with valid Policy number" name="And selected &apos;Policy number&apos; option from &apos;Find a member&apos; dropdown" time="0.001">
    <skipped/>
  </testcase>
  <testcase classname="Scenario: search for an existing member with valid Policy number" name="When user enter invalid Policy Number" time="0.001">
    <skipped/>
  </testcase>
  <testcase classname="Scenario: search for an existing member with valid Policy number" name="And click on &apos;Find member&apos; button" time="0.002">
    <skipped/>
  </testcase>
  <testcase classname="Scenario: search for an existing member with valid Policy number" name="Then user should see message &quot;The Search criteria does not match any of our member records&quot;" time="0.002">
    <skipped/>
  </testcase>
  <testcase classname="Scenario: search for an existing member with valid Policy number" name="And user should stay on search page" time="0.002">
    <skipped/>
  </testcase>
  <testcase classname="Scenario: search for an existing member with valid Policy number" name="Scenario: search for an existing member with valid Policy number" time="0.002">
    <skipped/>
  </testcase>
  <testcase classname="Scenario: search for an existing member with valid Policy number" name="Scenario: search for an existing member with valid Policy number" time="0.003"/>
  <testcase classname="Scenario: search for an existing member with empty Policy number field" name="Given user is on search page" time="0">
    <skipped/>
  </testcase>
  <testcase classname="Scenario: search for an existing member with empty Policy number field" name="And selected &apos;Policy number&apos; option from &apos;Find a member&apos; dropdown" time="0">
    <skipped/>
  </testcase>
  <testcase classname="Scenario: search for an existing member with empty Policy number field" name="When user enter no value in Policy Number" time="0">
    <skipped/>
  </testcase>
  <testcase classname="Scenario: search for an existing member with empty Policy number field" name="And click on &apos;Find member&apos; button" time="0">
    <skipped/>
  </testcase>
  <testcase classname="Scenario: search for an existing member with empty Policy number field" name="Then user should see message &quot;The Search criteria does not match any of our member records&quot;" time="0">
    <skipped/>
  </testcase>
  <testcase classname="Scenario: search for an existing member with empty Policy number field" name="And user should stay on search page" time="0">
    <skipped/>
  </testcase>
  <testcase classname="Scenario: search for an existing member with empty Policy number field" name="Scenario: search for an existing member with empty Policy number field" time="0">
    <skipped/>
  </testcase>
  <testcase classname="Scenario: search for an existing member with empty Policy number field" name="Scenario: search for an existing member with empty Policy number field" time="0"/>
  <testcase classname="Scenario: Alternate search option" name="Given user is on search page" time="0.001">
    <skipped/>
  </testcase>
  <testcase classname="Scenario: Alternate search option" name="And selected &apos;Policy number&apos; option from &apos;Find a member&apos; dropdown" time="0.001">
    <skipped/>
  </testcase>
  <testcase classname="Scenario: Alternate search option" name="When user enter non-existing Policy Number" time="0.001">
    <skipped/>
  </testcase>
  <testcase classname="Scenario: Alternate search option" name="And click on &apos;Find member&apos; button" time="0.001">
    <skipped/>
  </testcase>
  <testcase classname="Scenario: Alternate search option" name="Then user should see message &quot;The Search criteria does not match any of our member records&quot;" time="0.002">
    <skipped/>
  </testcase>
  <testcase classname="Scenario: Alternate search option" name="And user should stay on search page" time="0.002">
    <skipped/>
  </testcase>
  <testcase classname="Scenario: Alternate search option" name="And user click on &apos;Find a member&apos; dropdown" time="0.002">
    <skipped/>
  </testcase>
  <testcase classname="Scenario: Alternate search option" name="Then user should be able to chose alternate search option from &apos;Find a member&apos; dropdown" time="0.002">
    <skipped/>
  </testcase>
  <testcase classname="Scenario: Alternate search option" name="Scenario: Alternate search option" time="0.002">
    <skipped/>
  </testcase>
  <testcase classname="Scenario: Alternate search option" name="Scenario: Alternate search option" time="0.002"/>
</testsuite>